2022-12-20 16:02:41,792 - LEFT - 29.4375 - [[40.5  24.  ]
 [28.5  24.75]]
2022-12-20 16:02:41,869 - LEFT - 29.25 - [[23.75 23.5 ]
 [44.25 25.5 ]]
2022-12-20 16:02:41,873 - LEFT - 31.375 - [[44.25 25.5 ]
 [29.5  26.25]]
2022-12-20 16:02:41,948 - LEFT - 29.5 - [[24.   24.25]
 [44.25 25.5 ]]
2022-12-20 16:02:41,952 - LEFT - 31.375 - [[44.25 25.5 ]
 [29.5  26.25]]
2022-12-20 16:02:42,035 - LEFT - 29.9375 - [[24.25 23.75]
 [44.   27.75]]
2022-12-20 16:02:42,039 - LEFT - 32.5 - [[44.   27.75]
 [29.   29.25]]
2022-12-20 16:02:42,118 - LEFT - 31.5 - [[24.75 23.75]
 [46.   31.5 ]]
2022-12-20 16:02:42,122 - LEFT - 33.125 - [[46.   31.5 ]
 [27.25 27.75]]
2022-12-20 16:02:58,789 - LEFT - 30.4375 - [[26.   24.  ]
 [45.25 26.5 ]]
2022-12-20 16:02:58,795 - LEFT - 31.9375 - [[45.25 26.5 ]
 [29.5  26.5 ]]
2022-12-20 16:02:58,873 - LEFT - 35.625 - [[32.25 24.5 ]
 [49.25 36.5 ]]
2022-12-20 16:02:58,878 - LEFT - 35.8125 - [[49.25 36.5 ]
 [29.75 27.75]]
2022-12-20 16:02:58,882 - LEFT - 29.4375 - [[36.5  26.25]
 [27.75 27.25]]
2022-12-20 16:02:58,888 - LEFT - 29.0625 - [[29.75 27.75]
 [29.75 29.  ]]
2022-12-20 16:02:58,963 - LEFT - 34.5 - [[25.5  24.25]
 [47.   41.25]]
2022-12-20 16:02:58,968 - LEFT - 39.5 - [[47.   41.25]
 [34.5  35.25]]
2022-12-20 16:02:58,973 - LEFT - 33.5625 - [[41.25 25.25]
 [35.25 32.5 ]]
2022-12-20 16:02:58,977 - LEFT - 31.25 - [[34.5  35.25]
 [28.5  26.75]]
2022-12-20 16:02:58,981 - LEFT - 30.3125 - [[35.25 32.5 ]
 [26.75 26.75]]
2022-12-20 16:02:59,058 - LEFT - 38.125 - [[28.25 27.  ]
 [42.   55.25]]
2022-12-20 16:02:59,062 - LEFT - 35.5625 - [[27.   24.75]
 [55.25 35.25]]
2022-12-20 16:02:59,067 - LEFT - 39.875 - [[42.   55.25]
 [32.   30.25]]
2022-12-20 16:02:59,071 - LEFT - 37.0625 - [[55.25 35.25]
 [30.25 27.5 ]]
2022-12-20 16:02:59,148 - LEFT - 38.3125 - [[28.5  26.25]
 [43.25 55.25]]
2022-12-20 16:02:59,152 - LEFT - 35.1875 - [[26.25 25.  ]
 [55.25 34.25]]
2022-12-20 16:02:59,157 - LEFT - 40.8125 - [[43.25 55.25]
 [33.   31.75]]
2022-12-20 16:02:59,161 - LEFT - 36.9375 - [[55.25 34.25]
 [31.75 26.5 ]]
2022-12-20 16:02:59,166 - LEFT - 29.875 - [[33.   31.75]
 [28.5  26.25]]
2022-12-20 16:02:59,243 - LEFT - 38.875 - [[28.25 26.  ]
 [44.25 57.  ]]
2022-12-20 16:02:59,246 - LEFT - 35.9375 - [[26.   25.5 ]
 [57.   35.25]]
2022-12-20 16:02:59,252 - LEFT - 41.8125 - [[44.25 57.  ]
 [33.25 32.75]]
2022-12-20 16:02:59,256 - LEFT - 38.0 - [[57.   35.25]
 [32.75 27.  ]]
2022-12-20 16:02:59,261 - LEFT - 30.4375 - [[33.25 32.75]
 [29.   26.75]]
2022-12-20 16:02:59,337 - LEFT - 38.875 - [[27.25 26.  ]
 [47.75 54.5 ]]
2022-12-20 16:02:59,341 - LEFT - 34.5625 - [[26.   24.75]
 [54.5  33.  ]]
2022-12-20 16:02:59,346 - LEFT - 42.375 - [[47.75 54.5 ]
 [34.5  32.75]]
2022-12-20 16:02:59,350 - LEFT - 36.75 - [[54.5  33.  ]
 [32.75 26.75]]
2022-12-20 16:02:59,354 - LEFT - 30.625 - [[34.5  32.75]
 [28.75 26.5 ]]
2022-12-20 16:02:59,431 - LEFT - 36.6875 - [[26.5  25.25]
 [51.   44.  ]]
2022-12-20 16:02:59,435 - LEFT - 31.1875 - [[25.25 24.5 ]
 [44.   31.  ]]
2022-12-20 16:02:59,439 - LEFT - 41.875 - [[51.  44. ]
 [38.  34.5]]
2022-12-20 16:02:59,444 - LEFT - 34.0 - [[44.  31. ]
 [34.5 26.5]]
2022-12-20 16:02:59,449 - LEFT - 32.1875 - [[38.   34.5 ]
 [29.5  26.75]]
2022-12-20 16:02:59,525 - LEFT - 35.9375 - [[26.5  25.25]
 [47.75 44.25]]
2022-12-20 16:02:59,529 - LEFT - 30.8125 - [[25.25 24.5 ]
 [44.25 29.25]]
2022-12-20 16:02:59,534 - LEFT - 42.125 - [[47.75 44.25]
 [39.5  37.  ]]
2022-12-20 16:02:59,538 - LEFT - 34.8125 - [[44.25 29.25]
 [37.   28.75]]
2022-12-20 16:02:59,542 - LEFT - 33.375 - [[39.5  37.  ]
 [29.75 27.25]]
2022-12-20 16:02:59,546 - LEFT - 29.5 - [[37.   28.75]
 [27.25 25.  ]]
2022-12-20 16:02:59,623 - LEFT - 34.125 - [[25.75 25.  ]
 [47.75 38.  ]]
2022-12-20 16:02:59,627 - LEFT - 29.125 - [[25.   24.75]
 [38.   28.75]]
2022-12-20 16:02:59,633 - LEFT - 41.5625 - [[47.75 38.  ]
 [40.25 40.25]]
2022-12-20 16:02:59,637 - LEFT - 34.125 - [[38.   28.75]
 [40.25 29.5 ]]
2022-12-20 16:02:59,642 - LEFT - 34.5 - [[40.25 40.25]
 [29.75 27.75]]
2022-12-20 16:02:59,648 - LEFT - 30.8125 - [[40.25 29.5 ]
 [27.75 25.75]]
2022-12-20 16:02:59,654 - LEFT - 29.0 - [[29.75 27.75]
 [29.5  29.  ]]
2022-12-20 16:02:59,745 - LEFT - 33.8125 - [[25.75 24.75]
 [45.5  39.25]]
2022-12-20 16:02:59,748 - LEFT - 29.1875 - [[24.75 25.  ]
 [39.25 27.75]]
2022-12-20 16:02:59,753 - LEFT - 40.875 - [[45.5  39.25]
 [39.25 39.5 ]]
2022-12-20 16:02:59,757 - LEFT - 34.25 - [[39.25 27.75]
 [39.5  30.5 ]]
2022-12-20 16:02:59,762 - LEFT - 34.0 - [[39.25 39.5 ]
 [29.75 27.5 ]]
2022-12-20 16:02:59,766 - LEFT - 30.75 - [[39.5 30.5]
 [27.5 25.5]]
2022-12-20 16:02:59,770 - LEFT - 29.0625 - [[29.75 27.5 ]
 [29.75 29.25]]
2022-12-20 16:02:59,846 - LEFT - 33.125 - [[25.75 25.  ]
 [42.5  39.25]]
2022-12-20 16:02:59,849 - LEFT - 29.0 - [[25.   24.5 ]
 [39.25 27.25]]
2022-12-20 16:02:59,853 - LEFT - 40.5625 - [[42.5  39.25]
 [38.5  42.  ]]
2022-12-20 16:02:59,856 - LEFT - 35.0625 - [[39.25 27.25]
 [42.   31.75]]
2022-12-20 16:02:59,860 - LEFT - 34.625 - [[38.5 42. ]
 [30.  28. ]]
2022-12-20 16:02:59,863 - LEFT - 31.875 - [[42.   31.75]
 [28.   25.75]]
2022-12-20 16:02:59,867 - LEFT - 29.3125 - [[30.   28.  ]
 [30.   29.25]]
2022-12-20 16:02:59,943 - LEFT - 29.875 - [[25.5  24.25]
 [36.   33.75]]
2022-12-20 16:02:59,947 - LEFT - 39.8125 - [[36.   33.75]
 [40.25 49.25]]
2022-12-20 16:02:59,950 - LEFT - 35.375 - [[33.75 27.75]
 [49.25 30.75]]
2022-12-20 16:02:59,953 - LEFT - 37.0 - [[40.25 49.25]
 [30.   28.5 ]]
2022-12-20 16:02:59,956 - LEFT - 33.625 - [[49.25 30.75]
 [28.5  26.  ]]
2022-12-20 16:02:59,961 - LEFT - 29.5 - [[30.   28.5 ]
 [29.75 29.75]]
2022-12-20 16:03:00,036 - LEFT - 39.625 - [[33.75 30.75]
 [42.5  51.5 ]]
2022-12-20 16:03:00,039 - LEFT - 35.125 - [[30.75 25.25]
 [51.5  33.  ]]
2022-12-20 16:03:00,042 - LEFT - 38.375 - [[42.5  51.5 ]
 [30.75 28.75]]
2022-12-20 16:03:00,046 - LEFT - 34.8125 - [[51.5  33.  ]
 [28.75 26.  ]]
2022-12-20 16:03:00,050 - LEFT - 29.8125 - [[30.75 28.75]
 [30.   29.75]]
2022-12-20 16:03:00,126 - LEFT - 39.625 - [[33.75 30.75]
 [42.5  51.5 ]]
2022-12-20 16:03:00,129 - LEFT - 35.1875 - [[30.75 25.25]
 [51.5  33.25]]
2022-12-20 16:03:00,134 - LEFT - 38.125 - [[42.5  51.5 ]
 [30.25 28.25]]
2022-12-20 16:03:00,137 - LEFT - 34.75 - [[51.5  33.25]
 [28.25 26.  ]]
2022-12-20 16:03:00,142 - LEFT - 29.3125 - [[30.25 28.25]
 [29.5  29.25]]
2022-12-20 16:03:00,216 - LEFT - 30.8125 - [[25.5  24.5 ]
 [36.75 36.5 ]]
2022-12-20 16:03:00,221 - LEFT - 40.5625 - [[36.75 36.5 ]
 [40.75 48.25]]
2022-12-20 16:03:00,225 - LEFT - 36.0 - [[36.5  26.  ]
 [48.25 33.25]]
2022-12-20 16:03:00,229 - LEFT - 36.875 - [[40.75 48.25]
 [30.25 28.25]]
2022-12-20 16:03:00,233 - LEFT - 33.9375 - [[48.25 33.25]
 [28.25 26.  ]]
2022-12-20 16:03:00,308 - LEFT - 30.3125 - [[24.75 24.5 ]
 [42.75 29.25]]
2022-12-20 16:03:00,313 - LEFT - 31.9375 - [[42.75 29.25]
 [30.   25.75]]
2022-12-20 16:04:47,321 - LEFT - 33.9375 - [[39.   25.25]
 [42.75 28.75]]
2022-12-20 16:04:47,394 - LEFT - 35.1875 - [[24.5  25.  ]
 [54.   37.25]]
2022-12-20 16:04:47,467 - LEFT - 35.6875 - [[26.5  25.  ]
 [54.   37.25]]
2022-12-20 16:04:51,104 - LEFT - 33.5 - [[28. 27.]
 [48. 31.]]
2022-12-20 16:04:51,180 - LEFT - 31.25 - [[27.5 24.5]
 [44.  29. ]]
2022-12-20 16:04:51,254 - LEFT - 31.25 - [[27.5 24.5]
 [44.  29. ]]
2022-12-20 16:04:51,332 - LEFT - 30.125 - [[38.75 25.25]
 [30.75 25.75]]
2022-12-20 16:04:51,406 - LEFT - 32.625 - [[28.5 24.5]
 [51.5 26. ]]
2022-12-20 16:04:51,479 - LEFT - 36.4375 - [[33.5  32.25]
 [48.75 31.25]]
2022-12-20 16:04:51,555 - LEFT - 36.4375 - [[33.5  32.25]
 [48.75 31.25]]
2022-12-20 16:04:51,627 - LEFT - 36.4375 - [[28.   31.25]
 [48.   38.5 ]]
2022-12-20 16:04:51,701 - LEFT - 34.3125 - [[26.   27.25]
 [49.5  34.5 ]]
2022-12-20 16:04:51,777 - LEFT - 34.3125 - [[26.   27.25]
 [49.5  34.5 ]]
2022-12-20 16:04:51,856 - LEFT - 32.3125 - [[25.   26.  ]
 [43.5  34.75]]
2022-12-20 16:04:51,932 - LEFT - 29.125 - [[24.25 25.  ]
 [35.   32.25]]
2022-12-20 16:04:52,008 - LEFT - 37.6875 - [[30.75 31.5 ]
 [53.5  35.  ]]
2022-12-20 16:04:52,090 - LEFT - 35.5 - [[29.5  25.75]
 [51.   35.75]]
2022-12-20 16:04:52,167 - LEFT - 35.5 - [[29.5  25.75]
 [51.   35.75]]
2022-12-20 16:04:52,241 - LEFT - 35.375 - [[29.   25.75]
 [51.5  35.25]]
2022-12-20 16:04:52,318 - LEFT - 31.25 - [[26.5  24.25]
 [44.5  29.75]]
2022-12-20 16:05:22,098 - LEFT - 29.9375 - [[30.   24.5 ]
 [40.75 24.5 ]]
2022-12-20 16:05:22,182 - LEFT - 29.9375 - [[30.   24.5 ]
 [40.75 24.5 ]]
2022-12-20 16:05:24,206 - LEFT - 29.625 - [[25.75 24.5 ]
 [43.25 25.  ]]
2022-12-20 16:05:24,277 - LEFT - 32.375 - [[29.5  25.75]
 [40.75 33.5 ]]
2022-12-20 16:05:24,347 - LEFT - 31.4375 - [[26.25 25.  ]
 [45.   29.5 ]]
2022-12-20 16:05:24,418 - LEFT - 31.4375 - [[26.25 25.  ]
 [45.   29.5 ]]
2022-12-20 16:05:24,489 - LEFT - 32.4375 - [[26.75 23.75]
 [49.   30.25]]
2022-12-20 16:05:24,561 - LEFT - 29.9375 - [[26.   24.25]
 [38.5  31.  ]]
2022-12-20 16:05:24,632 - LEFT - 29.9375 - [[26.   24.25]
 [38.5  31.  ]]
2022-12-20 16:05:24,704 - LEFT - 32.6875 - [[27.   24.25]
 [44.5  35.  ]]
2022-12-20 16:05:24,778 - LEFT - 35.75 - [[29.5  25.25]
 [48.5  39.75]]
2022-12-20 16:05:24,856 - LEFT - 37.5625 - [[29.25 26.  ]
 [47.25 47.75]]
2022-12-20 16:05:24,928 - LEFT - 37.5625 - [[29.25 26.  ]
 [47.25 47.75]]
2022-12-20 16:05:25,001 - LEFT - 34.5625 - [[27.25 24.25]
 [51.75 35.  ]]
2022-12-20 16:05:25,082 - LEFT - 30.25 - [[26.   23.75]
 [44.5  26.75]]
2022-12-20 16:05:25,154 - LEFT - 31.375 - [[26.   23.75]
 [44.25 31.5 ]]
2022-12-20 16:05:25,225 - LEFT - 31.5625 - [[26.   24.5 ]
 [44.25 31.5 ]]
2022-12-20 16:05:25,296 - LEFT - 31.4375 - [[26.25 24.5 ]
 [36.25 38.75]]
2022-12-20 16:05:25,368 - LEFT - 31.1875 - [[25.5  24.25]
 [44.5  30.5 ]]
2022-12-20 16:05:25,442 - LEFT - 31.1875 - [[25.5  24.25]
 [44.5  30.5 ]]
2022-12-20 16:05:26,202 - LEFT - 30.4375 - [[29.75 30.  ]
 [30.5  31.5 ]]
2022-12-20 16:05:26,274 - LEFT - 30.375 - [[30.25 30.25]
 [30.5  30.5 ]]
2022-12-20 16:05:26,346 - LEFT - 29.25 - [[29. 28.]
 [30. 30.]]
2022-12-20 16:05:26,417 - LEFT - 29.6875 - [[29.5  29.25]
 [30.   30.  ]]
2022-12-20 16:05:26,487 - LEFT - 29.625 - [[29.5  29.25]
 [30.   29.75]]
2022-12-20 16:05:26,558 - LEFT - 29.8125 - [[29.75 29.75]
 [30.   29.75]]
2022-12-20 16:05:26,629 - LEFT - 30.125 - [[30.25 30.25]
 [30.25 29.75]]
2022-12-20 16:05:26,699 - LEFT - 30.0 - [[30.   29.75]
 [30.25 30.  ]]
2022-12-20 16:05:26,773 - LEFT - 30.0 - [[30.   29.75]
 [30.25 30.  ]]
2022-12-20 16:05:26,850 - LEFT - 29.9375 - [[30.   29.75]
 [30.   30.  ]]
2022-12-20 16:05:26,922 - LEFT - 30.0625 - [[30.   29.25]
 [30.25 30.75]]
2022-12-20 16:05:26,998 - LEFT - 29.8125 - [[30.   29.25]
 [30.25 29.75]]
2022-12-20 16:05:27,083 - LEFT - 29.5625 - [[29.75 27.75]
 [31.   29.75]]
2022-12-20 16:05:27,179 - LEFT - 29.3125 - [[30.   28.  ]
 [30.   29.25]]
2022-12-20 16:05:27,253 - LEFT - 30.25 - [[30.   28.75]
 [30.75 31.5 ]]
2022-12-20 16:05:27,325 - LEFT - 29.375 - [[29.75 27.75]
 [30.25 29.75]]
2022-12-20 16:05:27,397 - LEFT - 29.375 - [[29.75 27.75]
 [30.25 29.75]]
2022-12-20 16:05:27,470 - LEFT - 30.8125 - [[30.   27.75]
 [30.75 34.75]]
2022-12-20 16:05:27,922 - LEFT - 29.5625 - [[29.5  29.25]
 [29.5  30.  ]]
2022-12-20 16:05:27,998 - LEFT - 29.375 - [[29.25 29.5 ]
 [29.5  29.25]]
2022-12-20 16:05:28,076 - LEFT - 29.5625 - [[29.5  29.25]
 [29.5  30.  ]]
2022-12-20 16:05:28,156 - LEFT - 29.6875 - [[29.5  29.  ]
 [30.   30.25]]
2022-12-20 16:05:28,231 - LEFT - 29.625 - [[29.5  29.  ]
 [29.75 30.25]]
2022-12-20 16:05:28,302 - LEFT - 29.4375 - [[28.5  29.25]
 [29.75 30.25]]
2022-12-20 16:05:28,374 - LEFT - 29.1875 - [[27.5  29.25]
 [29.75 30.25]]
2022-12-20 16:05:28,447 - LEFT - 29.375 - [[28.   29.25]
 [30.25 30.  ]]
2022-12-20 16:05:28,520 - LEFT - 29.375 - [[28.   29.25]
 [30.25 30.  ]]
2022-12-20 16:05:28,591 - LEFT - 29.0 - [[27.75 28.5 ]
 [29.75 30.  ]]
2022-12-20 16:05:28,663 - LEFT - 29.125 - [[28.  29. ]
 [29.5 30. ]]
2022-12-20 16:05:28,735 - LEFT - 29.3125 - [[28.   29.  ]
 [29.75 30.5 ]]
2022-12-20 16:05:28,815 - LEFT - 29.25 - [[27.75 29.  ]
 [29.75 30.5 ]]
2022-12-20 16:05:28,891 - LEFT - 29.3125 - [[27.75 29.25]
 [30.   30.25]]
2022-12-20 16:05:28,963 - LEFT - 29.5 - [[28.25 29.25]
 [30.25 30.25]]
2022-12-20 16:05:29,033 - LEFT - 29.5 - [[28.25 29.25]
 [30.25 30.25]]
2022-12-20 16:05:29,110 - LEFT - 29.5 - [[29.   28.75]
 [30.   30.25]]
2022-12-20 16:05:29,185 - LEFT - 29.875 - [[29.25 29.5 ]
 [30.25 30.5 ]]
2022-12-20 16:05:29,256 - LEFT - 29.1875 - [[28.5  28.5 ]
 [29.5  30.25]]
2022-12-20 16:05:29,327 - LEFT - 29.1875 - [[28.5  28.5 ]
 [29.5  30.25]]
2022-12-20 16:05:29,399 - LEFT - 29.5625 - [[29.25 29.75]
 [29.75 29.5 ]]
2022-12-20 16:05:29,474 - LEFT - 29.5 - [[29.5  29.25]
 [29.5  29.75]]
2022-12-20 16:05:29,547 - LEFT - 29.5625 - [[29.5  29.25]
 [29.75 29.75]]
2022-12-20 16:05:29,618 - LEFT - 29.375 - [[29.   29.  ]
 [29.75 29.75]]
2022-12-20 16:05:29,691 - LEFT - 29.75 - [[29.75 29.75]
 [29.75 29.75]]
2022-12-20 16:05:29,763 - LEFT - 29.3125 - [[28.75 28.75]
 [29.75 30.  ]]
2022-12-20 16:05:29,843 - LEFT - 29.3125 - [[28.75 28.75]
 [29.75 30.  ]]
2022-12-20 16:05:29,916 - LEFT - 29.625 - [[29.75 29.25]
 [29.75 29.75]]
2022-12-20 16:05:29,990 - LEFT - 29.5 - [[29.75 29.5 ]
 [29.5  29.25]]
2022-12-20 16:05:30,072 - LEFT - 29.375 - [[29.   29.25]
 [29.75 29.5 ]]
2022-12-20 16:05:30,150 - LEFT - 29.5 - [[29.   29.25]
 [30.25 29.5 ]]
2022-12-20 16:05:30,225 - LEFT - 29.6875 - [[29.5  29.5 ]
 [30.25 29.5 ]]
2022-12-20 16:05:30,299 - LEFT - 29.6875 - [[29.5  29.5 ]
 [30.25 29.5 ]]
2022-12-20 16:05:30,374 - LEFT - 29.5 - [[29.5  29.  ]
 [29.75 29.75]]
2022-12-20 16:05:30,448 - LEFT - 29.5 - [[29.5  29.  ]
 [29.75 29.75]]
2022-12-20 16:05:30,522 - LEFT - 29.0625 - [[28.75 28.25]
 [30.   29.25]]
2022-12-20 16:05:30,596 - LEFT - 29.25 - [[29.25 28.25]
 [30.   29.5 ]]
2022-12-20 16:05:30,672 - LEFT - 29.375 - [[28.75 28.75]
 [30.25 29.75]]
2022-12-20 16:05:30,747 - LEFT - 29.375 - [[28.75 28.75]
 [30.25 29.75]]
2022-12-20 16:05:30,835 - LEFT - 29.0625 - [[29.   27.75]
 [30.25 29.25]]
2022-12-20 16:05:30,920 - LEFT - 29.625 - [[29.25 28.5 ]
 [29.75 31.  ]]
2022-12-20 16:05:30,994 - LEFT - 29.125 - [[28.25 27.25]
 [30.5  30.5 ]]
2022-12-20 16:05:31,074 - LEFT - 29.25 - [[28.75 27.5 ]
 [30.5  30.25]]
2022-12-20 16:05:31,151 - LEFT - 29.25 - [[28.75 27.5 ]
 [30.5  30.25]]
2022-12-20 16:05:31,226 - LEFT - 31.0 - [[31.5 30. ]
 [31.5 31. ]]
2022-12-20 16:05:31,301 - LEFT - 30.6875 - [[31.5  30.75]
 [30.5  30.  ]]
2022-12-20 16:05:31,375 - LEFT - 29.8125 - [[29.5  28.75]
 [30.5  30.5 ]]
2022-12-20 16:05:31,450 - LEFT - 29.8125 - [[29.5  28.75]
 [30.5  30.5 ]]
2022-12-20 16:05:31,526 - LEFT - 32.25 - [[30.75 33.  ]
 [31.25 34.  ]]
2022-12-20 16:05:31,600 - LEFT - 30.5 - [[27.75 28.75]
 [34.   31.5 ]]
2022-12-20 16:05:31,675 - LEFT - 30.5 - [[27.75 28.75]
 [34.   31.5 ]]
2022-12-20 16:05:31,751 - LEFT - 31.375 - [[31.25 28.25]
 [35.25 30.75]]
2022-12-20 16:05:31,833 - LEFT - 34.5625 - [[27.5  26.  ]
 [36.25 48.5 ]]
2022-12-20 16:05:31,910 - LEFT - 30.0 - [[27.75 27.  ]
 [31.5  33.75]]
2022-12-20 16:05:31,984 - LEFT - 29.375 - [[27.   25.5 ]
 [31.25 33.75]]
2022-12-20 16:05:32,065 - LEFT - 29.125 - [[26.   25.5 ]
 [31.25 33.75]]
2022-12-20 16:05:32,139 - LEFT - 29.125 - [[29.25 28.25]
 [29.75 29.25]]
2022-12-20 16:05:32,212 - LEFT - 29.375 - [[29.25 28.75]
 [29.75 29.75]]
2022-12-20 16:05:32,284 - LEFT - 29.375 - [[29.25 28.75]
 [29.75 29.75]]
2022-12-20 16:05:32,359 - LEFT - 29.0 - [[28.25 28.25]
 [29.75 29.75]]
2022-12-20 16:05:32,432 - LEFT - 29.1875 - [[28.75 28.5 ]
 [29.75 29.75]]
2022-12-20 16:05:32,505 - LEFT - 29.1875 - [[28.75 28.5 ]
 [29.5  30.  ]]
2022-12-20 16:05:32,578 - LEFT - 29.125 - [[28.75 28.25]
 [29.5  30.  ]]
2022-12-20 16:05:32,651 - LEFT - 29.8125 - [[29.5  29.5 ]
 [30.5  29.75]]
2022-12-20 16:05:32,725 - LEFT - 29.5 - [[29. 29.]
 [30. 30.]]
2022-12-20 16:05:32,804 - LEFT - 29.4375 - [[29.   29.  ]
 [30.   29.75]]
2022-12-20 16:05:32,883 - LEFT - 29.4375 - [[29.   29.  ]
 [30.   29.75]]
2022-12-20 16:05:32,956 - LEFT - 30.0 - [[29.75 29.75]
 [30.5  30.  ]]
2022-12-20 16:05:33,029 - LEFT - 29.6875 - [[29.25 29.75]
 [30.   29.75]]
2022-12-20 16:05:33,109 - LEFT - 29.5625 - [[29.25 29.75]
 [30.   29.25]]
2022-12-20 16:05:33,186 - LEFT - 29.3125 - [[29.   29.25]
 [29.75 29.25]]
2022-12-20 16:05:33,258 - LEFT - 29.1875 - [[28.75 29.  ]
 [29.75 29.25]]
2022-12-20 16:05:33,406 - LEFT - 29.0 - [[29.25 28.75]
 [28.75 29.25]]
2022-12-20 16:05:33,482 - LEFT - 29.4375 - [[29.75 28.75]
 [30.   29.25]]
2022-12-20 16:05:33,559 - LEFT - 29.125 - [[27.75 29.5 ]
 [29.75 29.5 ]]
2022-12-20 16:05:33,633 - LEFT - 29.375 - [[29.   29.25]
 [29.5  29.75]]
2022-12-20 16:05:33,708 - LEFT - 29.0 - [[29.   29.25]
 [28.5  29.25]]
2022-12-20 16:05:33,784 - RIGHT - 29.1875 - [[29.   28.5 ]
 [29.5  29.75]]
2022-12-20 16:05:33,789 - LEFT - 29.25 - [[28.5  29.25]
 [29.75 29.5 ]]
2022-12-20 16:05:33,871 - RIGHT - 29.5 - [[29.   29.25]
 [30.   29.75]]
2022-12-20 16:05:33,874 - RIGHT - 29.3125 - [[29.25 28.75]
 [29.75 29.5 ]]
2022-12-20 16:05:33,878 - MID - 29.625 - [[29.  30. ]
 [29.5 30. ]]
2022-12-20 16:05:33,881 - RIGHT - 29.9375 - [[30.   29.75]
 [30.   30.  ]]
2022-12-20 16:05:33,884 - RIGHT - 29.875 - [[29.75 29.5 ]
 [30.   30.25]]
2022-12-20 16:05:33,887 - RIGHT - 29.4375 - [[29.5  28.5 ]
 [30.25 29.5 ]]
2022-12-20 16:05:33,962 - RIGHT - 29.4375 - [[29.   29.  ]
 [29.75 30.  ]]
2022-12-20 16:05:33,965 - RIGHT - 29.5 - [[29.  29.5]
 [30.  29.5]]
2022-12-20 16:05:33,968 - RIGHT - 29.125 - [[29.5 27.5]
 [29.5 30. ]]
2022-12-20 16:05:33,971 - MID - 29.6875 - [[29.   29.75]
 [29.75 30.25]]
2022-12-20 16:05:33,974 - RIGHT - 30.25 - [[29.75 30.  ]
 [30.25 31.  ]]
2022-12-20 16:05:33,977 - RIGHT - 30.25 - [[30.  29.5]
 [31.  30.5]]
2022-12-20 16:05:33,980 - RIGHT - 30.125 - [[29.5 30. ]
 [30.5 30.5]]
2022-12-20 16:05:34,052 - RIGHT - 29.4375 - [[24.   26.5 ]
 [25.25 42.  ]]
2022-12-20 16:05:34,055 - RIGHT - 30.375 - [[26.5 25.5]
 [42.  27.5]]
2022-12-20 16:05:34,059 - RIGHT - 31.125 - [[25.25 42.  ]
 [26.5  30.75]]
2022-12-20 16:05:34,062 - RIGHT - 32.4375 - [[42.   27.5 ]
 [30.75 29.5 ]]
2022-12-20 16:05:34,065 - RIGHT - 29.9375 - [[30.75 29.5 ]
 [29.25 30.25]]
2022-12-20 16:05:34,069 - RIGHT - 29.625 - [[29.25 29.25]
 [30.   30.  ]]
2022-12-20 16:05:34,072 - RIGHT - 29.875 - [[29.25 30.25]
 [30.   30.  ]]
2022-12-20 16:05:34,075 - RIGHT - 29.75 - [[30.25 28.75]
 [30.   30.  ]]
2022-12-20 16:05:34,078 - MID - 29.6875 - [[29.25 30.  ]
 [29.75 29.75]]
2022-12-20 16:05:34,081 - RIGHT - 30.125 - [[30.   30.  ]
 [29.75 30.75]]
2022-12-20 16:05:34,084 - RIGHT - 30.375 - [[30.   30.  ]
 [30.75 30.75]]
2022-12-20 16:05:34,087 - RIGHT - 30.375 - [[30.   30.  ]
 [30.75 30.75]]
2022-12-20 16:05:34,170 - RIGHT - 30.0625 - [[31.   29.75]
 [29.75 29.75]]
2022-12-20 16:05:34,175 - RIGHT - 29.4375 - [[28.75 29.75]
 [29.5  29.75]]
2022-12-20 16:05:34,178 - RIGHT - 29.75 - [[29.75 29.75]
 [29.75 29.75]]
2022-12-20 16:05:34,182 - RIGHT - 29.4375 - [[29.75 28.5 ]
 [29.75 29.75]]
2022-12-20 16:05:34,186 - MID - 29.3125 - [[28.75 29.5 ]
 [29.5  29.5 ]]
2022-12-20 16:05:34,189 - RIGHT - 29.75 - [[29.5  29.75]
 [29.5  30.25]]
2022-12-20 16:05:34,193 - RIGHT - 30.0 - [[29.75 29.75]
 [30.25 30.25]]
2022-12-20 16:05:34,196 - RIGHT - 30.0625 - [[29.75 29.75]
 [30.25 30.5 ]]
2022-12-20 16:05:34,270 - RIGHT - 30.25 - [[30.25 31.  ]
 [29.75 30.  ]]
2022-12-20 16:05:34,273 - RIGHT - 29.125 - [[31.   27.25]
 [30.   28.25]]
2022-12-20 16:05:34,277 - RIGHT - 29.3125 - [[28.   29.75]
 [29.5  30.  ]]
2022-12-20 16:05:34,280 - RIGHT - 29.9375 - [[29.75 30.  ]
 [30.   30.  ]]
2022-12-20 16:05:34,283 - RIGHT - 29.75 - [[30.   28.25]
 [30.   30.75]]
2022-12-20 16:05:34,286 - MID - 29.3125 - [[28.5  29.5 ]
 [29.5  29.75]]
2022-12-20 16:05:34,289 - RIGHT - 29.875 - [[29.5  30.  ]
 [29.75 30.25]]
2022-12-20 16:05:34,292 - RIGHT - 30.25 - [[30.   30.  ]
 [30.25 30.75]]
2022-12-20 16:05:34,295 - RIGHT - 30.5 - [[30.   30.75]
 [30.75 30.5 ]]
2022-12-20 16:05:34,369 - RIGHT - 29.625 - [[28.75 30.25]
 [29.5  30.  ]]
2022-12-20 16:05:34,372 - RIGHT - 29.375 - [[28.5  29.5 ]
 [29.75 29.75]]
2022-12-20 16:05:34,375 - RIGHT - 29.75 - [[29.5  30.  ]
 [29.75 29.75]]
2022-12-20 16:05:34,378 - RIGHT - 29.1875 - [[30.   27.5 ]
 [29.75 29.5 ]]
2022-12-20 16:05:34,382 - MID - 29.1875 - [[28.25 29.75]
 [29.25 29.5 ]]
2022-12-20 16:05:34,385 - RIGHT - 29.9375 - [[29.75 29.75]
 [29.5  30.75]]
2022-12-20 16:05:34,388 - RIGHT - 30.1875 - [[29.75 29.75]
 [30.75 30.5 ]]
2022-12-20 16:05:34,391 - RIGHT - 30.0625 - [[29.75 29.5 ]
 [30.5  30.5 ]]
2022-12-20 16:05:34,465 - RIGHT - 29.25 - [[28.   29.75]
 [29.75 29.5 ]]
2022-12-20 16:05:34,469 - RIGHT - 29.0625 - [[27.25 29.75]
 [29.5  29.75]]
2022-12-20 16:05:34,472 - RIGHT - 29.625 - [[29.75 29.5 ]
 [29.75 29.5 ]]
2022-12-20 16:05:34,475 - RIGHT - 29.0625 - [[29.5  27.25]
 [29.5  30.  ]]
2022-12-20 16:05:34,478 - MID - 29.3125 - [[28.   29.5 ]
 [29.75 30.  ]]
2022-12-20 16:05:34,481 - RIGHT - 29.9375 - [[29.5  29.75]
 [30.   30.5 ]]
2022-12-20 16:05:34,484 - RIGHT - 30.0 - [[29.75 29.5 ]
 [30.5  30.25]]
2022-12-20 16:05:34,487 - RIGHT - 30.0 - [[29.5  30.  ]
 [30.25 30.25]]
2022-12-20 16:05:34,562 - RIGHT - 29.5 - [[29.5  30.  ]
 [29.25 29.25]]
2022-12-20 16:05:34,565 - RIGHT - 29.625 - [[29.25 29.25]
 [30.   30.  ]]
2022-12-20 16:05:34,568 - RIGHT - 29.625 - [[29.25 29.25]
 [30.   30.  ]]
2022-12-20 16:05:34,571 - RIGHT - 29.4375 - [[29.25 28.5 ]
 [30.   30.  ]]
2022-12-20 16:05:34,647 - RIGHT - 29.4375 - [[29.   29.25]
 [29.75 29.75]]
2022-12-20 16:05:34,650 - RIGHT - 29.4375 - [[29.25 29.  ]
 [29.75 29.75]]
2022-12-20 16:05:34,725 - RIGHT - 29.0 - [[27.5  28.75]
 [30.25 29.5 ]]
2022-12-20 16:05:34,729 - RIGHT - 30.0625 - [[29.5  30.25]
 [30.25 30.25]]
2022-12-20 16:05:34,732 - RIGHT - 30.0 - [[30.25 29.5 ]
 [30.25 30.  ]]
2022-12-20 16:05:34,735 - RIGHT - 29.125 - [[29.5  27.75]
 [30.   29.25]]
2022-12-20 16:05:34,814 - RIGHT - 30.875 - [[30.   32.5 ]
 [30.25 30.75]]
2022-12-20 16:05:34,818 - RIGHT - 29.375 - [[32.5  27.  ]
 [30.75 27.25]]
2022-12-20 16:05:34,823 - RIGHT - 30.1875 - [[30.25 30.75]
 [30.25 29.5 ]]
2022-12-20 16:05:34,827 - RIGHT - 30.0625 - [[29.5  30.25]
 [30.25 30.25]]
2022-12-20 16:05:34,831 - RIGHT - 30.0 - [[30.25 29.5 ]
 [30.25 30.  ]]
2022-12-20 16:05:34,835 - RIGHT - 29.125 - [[29.5  27.75]
 [30.   29.25]]
2022-12-20 16:05:34,913 - RIGHT - 30.375 - [[31.25 31.  ]
 [29.75 29.5 ]]
2022-12-20 16:05:34,917 - RIGHT - 29.75 - [[29.25 29.75]
 [30.   30.  ]]
2022-12-20 16:05:34,920 - RIGHT - 29.9375 - [[29.75 29.5 ]
 [30.   30.5 ]]
2022-12-20 16:05:34,923 - RIGHT - 29.4375 - [[29.5  28.  ]
 [30.5  29.75]]
2022-12-20 16:05:34,998 - RIGHT - 29.1875 - [[26.25 31.25]
 [29.75 29.5 ]]
2022-12-20 16:05:35,001 - RIGHT - 30.125 - [[31.25 30.  ]
 [29.5  29.75]]
2022-12-20 16:05:35,004 - MID - 29.0625 - [[27.   29.75]
 [29.5  30.  ]]
2022-12-20 16:05:35,007 - RIGHT - 30.0 - [[29.75 29.5 ]
 [30.   30.75]]
2022-12-20 16:05:35,010 - RIGHT - 30.0 - [[29.5  29.75]
 [30.75 30.  ]]
2022-12-20 16:05:35,013 - RIGHT - 29.375 - [[29.75 28.25]
 [30.   29.5 ]]
2022-12-20 16:05:35,097 - RIGHT - 29.0625 - [[28.   27.25]
 [31.75 29.25]]
2022-12-20 16:05:35,102 - RIGHT - 29.3125 - [[25.75 31.75]
 [29.75 30.  ]]
2022-12-20 16:05:35,105 - RIGHT - 30.125 - [[31.75 29.25]
 [30.   29.5 ]]
2022-12-20 16:05:35,109 - MID - 29.1875 - [[27.   29.75]
 [29.75 30.25]]
2022-12-20 16:05:35,112 - RIGHT - 30.0 - [[29.75 30.  ]
 [30.25 30.  ]]
2022-12-20 16:05:35,115 - RIGHT - 29.875 - [[30.  29.5]
 [30.  30. ]]
2022-12-20 16:05:35,118 - RIGHT - 29.3125 - [[29.5  27.75]
 [30.   30.  ]]
2022-12-20 16:05:35,193 - RIGHT - 29.375 - [[26.   32.25]
 [29.25 30.  ]]
2022-12-20 16:05:35,196 - RIGHT - 29.8125 - [[32.25 28.75]
 [30.   28.25]]
2022-12-20 16:05:35,199 - RIGHT - 29.6875 - [[29.25 30.  ]
 [29.5  30.  ]]
2022-12-20 16:05:35,202 - RIGHT - 29.5625 - [[30.   28.25]
 [30.   30.  ]]
2022-12-20 16:05:35,278 - RIGHT - 29.6875 - [[28.25 31.  ]
 [29.75 29.75]]
2022-12-20 16:05:35,281 - RIGHT - 29.0 - [[31.   26.75]
 [29.75 28.5 ]]
2022-12-20 16:05:35,505 - RIGHT - 31.125 - [[24.75 25.75]
 [26.75 47.25]]
2022-12-20 16:05:35,508 - RIGHT - 31.75 - [[25.75 25.75]
 [47.25 28.25]]
2022-12-20 16:05:35,511 - RIGHT - 34.8125 - [[26.75 47.25]
 [32.   33.25]]
2022-12-20 16:05:35,514 - RIGHT - 34.625 - [[47.25 28.25]
 [33.25 29.75]]
2022-12-20 16:05:35,590 - RIGHT - 29.8125 - [[26.   26.75]
 [26.25 40.25]]
2022-12-20 16:05:35,593 - RIGHT - 30.125 - [[26.75 26.  ]
 [40.25 27.5 ]]
2022-12-20 16:05:35,597 - RIGHT - 32.5 - [[26.25 40.25]
 [31.   32.5 ]]
2022-12-20 16:05:35,600 - RIGHT - 32.1875 - [[40.25 27.5 ]
 [32.5  28.5 ]]
2022-12-20 16:05:35,675 - RIGHT - 29.5625 - [[25.5  25.75]
 [26.75 40.25]]
2022-12-20 16:05:35,678 - RIGHT - 29.9375 - [[25.75 26.5 ]
 [40.25 27.25]]
2022-12-20 16:05:35,682 - RIGHT - 32.5 - [[26.75 40.25]
 [30.5  32.5 ]]
2022-12-20 16:05:35,685 - RIGHT - 32.0625 - [[40.25 27.25]
 [32.5  28.25]]
2022-12-20 16:05:35,761 - RIGHT - 29.375 - [[25.25 25.5 ]
 [27.   39.75]]
2022-12-20 16:05:35,764 - RIGHT - 29.8125 - [[25.5  26.25]
 [39.75 27.75]]
2022-12-20 16:05:35,768 - RIGHT - 32.375 - [[27.   39.75]
 [31.25 31.5 ]]
2022-12-20 16:05:35,771 - RIGHT - 31.875 - [[39.75 27.75]
 [31.5  28.5 ]]
2022-12-20 16:05:35,855 - RIGHT - 29.4375 - [[25.25 26.25]
 [26.5  39.75]]
2022-12-20 16:05:35,858 - RIGHT - 29.8125 - [[26.25 26.  ]
 [39.75 27.25]]
2022-12-20 16:05:35,862 - RIGHT - 32.0625 - [[26.5  39.75]
 [30.5  31.5 ]]
2022-12-20 16:05:35,865 - RIGHT - 31.75 - [[39.75 27.25]
 [31.5  28.5 ]]
2022-12-20 16:05:35,944 - RIGHT - 29.4375 - [[25.25 26.25]
 [26.5  39.75]]
2022-12-20 16:05:35,947 - RIGHT - 29.8125 - [[26.25 26.  ]
 [39.75 27.25]]
2022-12-20 16:05:35,951 - RIGHT - 32.125 - [[26.5  39.75]
 [30.5  31.75]]
2022-12-20 16:05:35,954 - RIGHT - 31.875 - [[39.75 27.25]
 [31.75 28.75]]
2022-12-20 16:05:36,030 - RIGHT - 29.5 - [[25.25 25.5 ]
 [27.25 40.  ]]
2022-12-20 16:05:36,033 - RIGHT - 29.75 - [[25.5 26. ]
 [40.  27.5]]
2022-12-20 16:05:36,037 - RIGHT - 32.375 - [[27.25 40.  ]
 [30.5  31.75]]
2022-12-20 16:05:36,040 - RIGHT - 32.0 - [[40.   27.5 ]
 [31.75 28.75]]
2022-12-20 16:05:36,126 - RIGHT - 29.625 - [[25.75 25.5 ]
 [26.75 40.5 ]]
2022-12-20 16:05:36,130 - RIGHT - 29.9375 - [[25.5  26.25]
 [40.5  27.5 ]]
2022-12-20 16:05:36,134 - RIGHT - 32.5625 - [[26.75 40.5 ]
 [30.5  32.5 ]]
2022-12-20 16:05:36,137 - RIGHT - 32.3125 - [[40.5  27.5 ]
 [32.5  28.75]]
2022-12-20 16:05:36,215 - RIGHT - 29.5 - [[25.25 25.75]
 [26.25 40.75]]
2022-12-20 16:05:36,218 - RIGHT - 29.9375 - [[25.75 26.25]
 [40.75 27.  ]]
2022-12-20 16:05:36,222 - RIGHT - 32.4375 - [[26.25 40.75]
 [30.25 32.5 ]]
2022-12-20 16:05:36,225 - RIGHT - 32.25 - [[40.75 27.  ]
 [32.5  28.75]]
2022-12-20 16:05:36,300 - RIGHT - 29.125 - [[25.   25.75]
 [25.5  40.25]]
2022-12-20 16:05:36,303 - RIGHT - 29.875 - [[25.75 26.  ]
 [40.25 27.5 ]]
2022-12-20 16:05:36,307 - RIGHT - 32.0625 - [[25.5  40.25]
 [30.25 32.25]]
2022-12-20 16:05:36,310 - RIGHT - 32.25 - [[40.25 27.5 ]
 [32.25 29.  ]]
2022-12-20 16:05:36,386 - RIGHT - 29.8125 - [[25.25 25.75]
 [26.25 42.  ]]
2022-12-20 16:05:36,389 - RIGHT - 30.3125 - [[25.75 26.25]
 [42.   27.25]]
2022-12-20 16:05:36,393 - RIGHT - 32.8125 - [[26.25 42.  ]
 [31.   32.  ]]
2022-12-20 16:05:36,396 - RIGHT - 32.5 - [[42.   27.25]
 [32.   28.75]]
2022-12-20 16:05:37,829 - MID - 30.0625 - [[25.25 26.5 ]
 [26.   42.5 ]]
2022-12-20 16:05:37,833 - RIGHT - 31.9375 - [[26.5  28.75]
 [42.5  30.  ]]
2022-12-20 16:05:37,838 - MID - 34.875 - [[26.  42.5]
 [30.5 40.5]]
2022-12-20 16:05:37,841 - RIGHT - 35.4375 - [[42.5  30.  ]
 [40.5  28.75]]
2022-12-20 16:05:37,846 - LEFT - 31.3125 - [[26.5  30.5 ]
 [31.   37.25]]
2022-12-20 16:05:37,922 - MID - 30.1875 - [[25.25 26.25]
 [27.   42.25]]
2022-12-20 16:05:37,925 - RIGHT - 30.8125 - [[26.25 26.25]
 [42.25 28.5 ]]
2022-12-20 16:05:37,929 - LEFT - 29.0625 - [[25.75 27.  ]
 [29.75 33.75]]
2022-12-20 16:05:38,004 - RIGHT - 29.0 - [[25.75 26.  ]
 [35.75 28.5 ]]
2022-12-20 16:05:38,008 - MID - 34.0625 - [[26.   35.75]
 [33.   41.5 ]]
2022-12-20 16:05:38,011 - RIGHT - 33.8125 - [[35.75 28.5 ]
 [41.5  29.5 ]]
2022-12-20 16:05:38,093 - MID - 33.5625 - [[26.   35.75]
 [34.   38.5 ]]
2022-12-20 16:05:38,097 - RIGHT - 32.8125 - [[35.75 28.25]
 [38.5  28.75]]
2022-12-20 16:05:38,178 - RIGHT - 29.3125 - [[25.5  25.75]
 [37.75 28.25]]
2022-12-20 16:05:38,182 - LEFT - 29.3125 - [[26.25 26.75]
 [30.25 34.  ]]
2022-12-20 16:05:38,258 - MID - 30.1875 - [[24.75 25.5 ]
 [30.75 39.75]]
2022-12-20 16:05:38,262 - RIGHT - 29.6875 - [[25.5  26.  ]
 [39.75 27.5 ]]
2022-12-20 16:05:38,265 - LEFT - 29.625 - [[25.   30.75]
 [29.25 33.5 ]]
2022-12-20 16:05:46,223 - LEFT - 31.1875 - [[29.5  30.25]
 [32.5  32.5 ]]
2022-12-20 16:05:46,300 - LEFT - 29.1875 - [[28.5  26.5 ]
 [31.5  30.25]]
2022-12-20 16:05:46,372 - LEFT - 29.1875 - [[28.5  26.5 ]
 [31.5  30.25]]
2022-12-20 16:05:46,444 - LEFT - 34.625 - [[29.5  26.  ]
 [46.25 36.75]]
2022-12-20 16:05:46,516 - LEFT - 29.1875 - [[30.   25.25]
 [33.25 28.25]]
2022-12-20 16:05:46,589 - LEFT - 30.1875 - [[31.25 25.75]
 [34.25 29.5 ]]
2022-12-20 16:05:46,662 - LEFT - 30.1875 - [[31.25 25.75]
 [34.25 29.5 ]]
2022-12-20 16:05:46,737 - LEFT - 30.75 - [[31.5  26.5 ]
 [32.75 32.25]]
2022-12-20 16:05:46,813 - LEFT - 29.1875 - [[29.75 28.75]
 [30.25 28.  ]]
2022-12-20 16:05:46,889 - LEFT - 29.1875 - [[29.75 28.75]
 [30.25 28.  ]]
2022-12-20 16:05:46,961 - LEFT - 29.5 - [[29.75 27.75]
 [32.5  28.  ]]
2022-12-20 16:05:48,602 - LEFT - 29.0 - [[29.25 24.5 ]
 [28.75 33.5 ]]
2022-12-20 16:05:48,677 - LEFT - 32.125 - [[30.5 25.5]
 [31.  41.5]]
2022-12-20 16:05:48,751 - LEFT - 33.1875 - [[32.   26.  ]
 [35.   39.75]]
2022-12-20 16:05:48,828 - LEFT - 30.5 - [[24.75 24.  ]
 [37.5  35.75]]
2022-12-20 16:05:48,910 - LEFT - 33.0625 - [[31.5  26.25]
 [35.   39.5 ]]
2022-12-20 16:05:48,983 - LEFT - 34.4375 - [[32.25 26.25]
 [34.5  44.75]]
2022-12-20 16:05:49,062 - LEFT - 30.125 - [[30.5  27.5 ]
 [33.75 28.75]]
2022-12-20 16:05:49,143 - LEFT - 30.125 - [[30.5  27.5 ]
 [33.75 28.75]]
2022-12-20 16:05:49,220 - LEFT - 31.625 - [[29.  27. ]
 [32.5 38. ]]
2022-12-20 16:06:02,051 - LEFT - 33.625 - [[29.75 26.5 ]
 [47.25 31.  ]]
2022-12-20 16:06:02,131 - LEFT - 38.5625 - [[33.   29.25]
 [35.75 56.25]]
2022-12-20 16:06:02,207 - LEFT - 29.375 - [[26.5  24.5 ]
 [33.25 33.25]]
2022-12-20 16:06:02,281 - LEFT - 29.375 - [[26.5  24.5 ]
 [33.25 33.25]]
2022-12-20 16:06:02,355 - LEFT - 29.5625 - [[27.25 25.  ]
 [33.75 32.25]]
2022-12-20 16:06:02,428 - LEFT - 30.3125 - [[27.75 26.75]
 [33.5  33.25]]
2022-12-20 16:06:02,503 - LEFT - 30.3125 - [[27.75 26.75]
 [33.5  33.25]]
2022-12-20 16:06:02,576 - LEFT - 35.5625 - [[30.25 28.5 ]
 [34.25 49.25]]
2022-12-20 16:06:03,775 - LEFT - 29.875 - [[28.5 30.5]
 [29.5 31. ]]
2022-12-20 16:06:03,858 - MID - 30.0625 - [[25.   26.25]
 [30.25 38.75]]
2022-12-20 16:06:03,861 - RIGHT - 31.6875 - [[26.25 31.  ]
 [38.75 30.75]]
2022-12-20 16:06:03,865 - LEFT - 29.25 - [[28.25 29.25]
 [29.5  30.  ]]
2022-12-20 16:06:03,939 - RIGHT - 30.5 - [[25.75 27.75]
 [38.75 29.75]]
2022-12-20 16:06:03,943 - MID - 32.9375 - [[26.25 38.75]
 [31.5  35.25]]
2022-12-20 16:06:03,946 - RIGHT - 32.9375 - [[38.75 29.75]
 [35.25 28.  ]]
2022-12-20 16:06:03,949 - LEFT - 29.75 - [[28.75 30.25]
 [29.5  30.5 ]]
2022-12-20 16:06:04,023 - RIGHT - 30.5 - [[25.75 27.75]
 [38.75 29.75]]
2022-12-20 16:06:04,026 - LEFT - 29.0 - [[25.5  26.25]
 [31.5  32.75]]
2022-12-20 16:06:04,107 - MID - 33.4375 - [[24.5  25.5 ]
 [32.75 51.  ]]
2022-12-20 16:06:04,110 - RIGHT - 33.0 - [[25.5 26. ]
 [51.  29.5]]
2022-12-20 16:06:04,115 - LEFT - 30.8125 - [[26.25 32.75]
 [31.5  32.75]]
2022-12-20 16:06:04,191 - MID - 33.0 - [[24.75 25.5 ]
 [35.   46.75]]
2022-12-20 16:06:04,193 - RIGHT - 31.6875 - [[25.5  26.  ]
 [46.75 28.5 ]]
2022-12-20 16:06:04,197 - LEFT - 31.25 - [[26.   35.  ]
 [31.25 32.75]]
2022-12-20 16:06:04,271 - MID - 31.5 - [[24.5  25.75]
 [34.   41.75]]
2022-12-20 16:06:04,274 - RIGHT - 30.125 - [[25.75 26.  ]
 [41.75 27.  ]]
2022-12-20 16:06:04,277 - LEFT - 32.1875 - [[25.   34.  ]
 [30.75 39.  ]]
2022-12-20 16:06:39,967 - LEFT - 30.125 - [[26.25 24.5 ]
 [33.   36.75]]
2022-12-20 16:07:21,407 - LEFT - 29.0625 - [[35.5  26.75]
 [27.25 26.75]]
2022-12-20 16:07:21,634 - LEFT - 29.0 - [[24.5  24.25]
 [36.25 31.  ]]
2022-12-20 16:07:25,426 - LEFT - 30.0625 - [[32.   30.75]
 [28.5  29.  ]]
2022-12-20 16:07:27,860 - LEFT - 32.75 - [[28.75 25.5 ]
 [34.   42.75]]
2022-12-20 16:07:30,585 - LEFT - 29.3125 - [[29.25 26.  ]
 [29.   33.  ]]
2022-12-20 16:07:32,841 - LEFT - 35.6875 - [[27.   24.25]
 [35.25 56.25]]
2022-12-20 16:07:35,598 - LEFT - 30.4375 - [[25.25 24.25]
 [31.5  40.75]]
2022-12-20 16:07:38,199 - LEFT - 29.0625 - [[30.5  29.  ]
 [29.   27.75]]
2022-12-20 16:11:17,495 - LEFT - 29.6875 - [[27.5  24.  ]
 [38.   29.25]]
2022-12-20 16:11:22,917 - LEFT - 29.0 - [[29.  26.5]
 [30.  30.5]]
2022-12-20 16:11:24,127 - LEFT - 29.0625 - [[28.5  27.5 ]
 [30.25 30.  ]]
2022-12-20 16:11:24,284 - LEFT - 29.0625 - [[29.   27.5 ]
 [30.   29.75]]
2022-12-20 16:11:27,622 - MID - 29.5625 - [[28.5  29.25]
 [30.25 30.25]]
2022-12-20 16:11:28,923 - MID - 29.1875 - [[27.5  29.5 ]
 [29.75 30.  ]]
2022-12-20 16:11:30,669 - LEFT - 29.3125 - [[29.5  29.75]
 [29.25 28.75]]
2022-12-20 16:11:32,504 - LEFT - 29.0 - [[29.5 28. ]
 [30.  28.5]]
2022-12-20 18:43:25,045 - LEFT - 29.3125 - [[34.   24.75]
 [28.5  30.  ]]
